# JRE version: OpenJDK Runtime Environment (17.0.6) (build 17.0.6+0-b2043.56-9586694)
# Java VM: OpenJDK 64-Bit Server VM (17.0.6+0-b2043.56-9586694, mixed mode, tiered, compressed oops, compressed class ptrs, g1 gc, windows-amd64)
GC Precious Log:
 CPUs: 12 total, 12 available
 Memory: 15720M
 Large Page Support: Disabled
 NUMA Support: Disabled
 Compressed Oops: Enabled (Zero based)
 Heap Region Size: 2M
 Heap Min Capacity: 8M
 Heap Initial Capacity: 246M
 Heap Max Capacity: 3932M
 Pre-touch: Disabled
 Parallel Workers: 10
 Concurrent Workers: 3
 Concurrent Refinement Workers: 10
 Periodic GC: Disabled
Heap:
 garbage-first heap   total 888832K, used 429078K [0x000000070a400000, 0x0000000800000000)
  region size 2048K, 10 young (20480K), 10 survivors (20480K)
 Metaspace       used 100700K, committed 101056K, reserved 1146880K
  class space    used 10589K, committed 10752K, reserved 1048576K
GC Heap History (20 events):
Event: 31.082 GC heap after
{Heap after GC invocations=58 (full 0):
 garbage-first heap   total 567296K, used 449928K [0x000000070a400000, 0x0000000800000000)
  region size 2048K, 4 young (8192K), 4 survivors (8192K)
 Metaspace       used 99981K, committed 100288K, reserved 1138688K
  class space    used 10571K, committed 10688K, reserved 1048576K
}
Event: 31.294 GC heap before
{Heap before GC invocations=58 (full 0):
 garbage-first heap   total 567296K, used 494984K [0x000000070a400000, 0x0000000800000000)
  region size 2048K, 26 young (53248K), 4 survivors (8192K)
 Metaspace       used 100145K, committed 100416K, reserved 1138688K
  class space    used 10573K, committed 10688K, reserved 1048576K
}
Event: 31.297 GC heap after
{Heap after GC invocations=59 (full 0):
 garbage-first heap   total 567296K, used 451845K [0x000000070a400000, 0x0000000800000000)
  region size 2048K, 2 young (4096K), 2 survivors (4096K)
 Metaspace       used 100145K, committed 100416K, reserved 1138688K
  class space    used 10573K, committed 10688K, reserved 1048576K
}
Event: 31.353 GC heap before
{Heap before GC invocations=59 (full 0):
 garbage-first heap   total 567296K, used 496901K [0x000000070a400000, 0x0000000800000000)
  region size 2048K, 24 young (49152K), 2 survivors (4096K)
 Metaspace       used 100149K, committed 100416K, reserved 1138688K
  class space    used 10573K, committed 10688K, reserved 1048576K
}
Event: 31.356 GC heap after
{Heap after GC invocations=60 (full 0):
 garbage-first heap   total 567296K, used 454997K [0x000000070a400000, 0x0000000800000000)
  region size 2048K, 3 young (6144K), 3 survivors (6144K)
 Metaspace       used 100149K, committed 100416K, reserved 1138688K
  class space    used 10573K, committed 10688K, reserved 1048576K
}
Event: 31.415 GC heap before
{Heap before GC invocations=60 (full 0):
 garbage-first heap   total 567296K, used 495957K [0x000000070a400000, 0x0000000800000000)
  region size 2048K, 23 young (47104K), 3 survivors (6144K)
 Metaspace       used 100160K, committed 100416K, reserved 1138688K
  class space    used 10573K, committed 10688K, reserved 1048576K
}
Event: 31.422 GC heap after
{Heap after GC invocations=61 (full 0):
 garbage-first heap   total 731136K, used 459420K [0x000000070a400000, 0x0000000800000000)
  region size 2048K, 3 young (6144K), 3 survivors (6144K)
 Metaspace       used 100160K, committed 100416K, reserved 1138688K
  class space    used 10573K, committed 10688K, reserved 1048576K
}
Event: 31.935 GC heap before
{Heap before GC invocations=61 (full 0):
 garbage-first heap   total 731136K, used 623260K [0x000000070a400000, 0x0000000800000000)
  region size 2048K, 83 young (169984K), 3 survivors (6144K)
 Metaspace       used 100372K, committed 100672K, reserved 1138688K
  class space    used 10578K, committed 10752K, reserved 1048576K
}
Event: 31.939 GC heap after
{Heap after GC invocations=62 (full 0):
 garbage-first heap   total 731136K, used 463547K [0x000000070a400000, 0x0000000800000000)
  region size 2048K, 5 young (10240K), 5 survivors (10240K)
 Metaspace       used 100372K, committed 100672K, reserved 1138688K
  class space    used 10578K, committed 10752K, reserved 1048576K
}
Event: 32.257 GC heap before
{Heap before GC invocations=62 (full 0):
 garbage-first heap   total 731136K, used 625339K [0x000000070a400000, 0x0000000800000000)
  region size 2048K, 84 young (172032K), 5 survivors (10240K)
 Metaspace       used 100429K, committed 100736K, reserved 1146880K
  class space    used 10578K, committed 10752K, reserved 1048576K
}
Event: 32.260 GC heap after
{Heap after GC invocations=63 (full 0):
 garbage-first heap   total 731136K, used 466633K [0x000000070a400000, 0x0000000800000000)
  region size 2048K, 6 young (12288K), 6 survivors (12288K)
 Metaspace       used 100429K, committed 100736K, reserved 1146880K
  class space    used 10578K, committed 10752K, reserved 1048576K
}
Event: 32.534 GC heap before
{Heap before GC invocations=63 (full 0):
 garbage-first heap   total 731136K, used 628425K [0x000000070a400000, 0x0000000800000000)
  region size 2048K, 85 young (174080K), 6 survivors (12288K)
 Metaspace       used 100519K, committed 100928K, reserved 1146880K
  class space    used 10584K, committed 10752K, reserved 1048576K
}
Event: 32.544 GC heap after
{Heap after GC invocations=64 (full 0):
 garbage-first heap   total 731136K, used 476087K [0x000000070a400000, 0x0000000800000000)
  region size 2048K, 11 young (22528K), 11 survivors (22528K)
 Metaspace       used 100519K, committed 100928K, reserved 1146880K
  class space    used 10584K, committed 10752K, reserved 1048576K
}
Event: 32.758 GC heap before
{Heap before GC invocations=64 (full 0):
 garbage-first heap   total 731136K, used 576439K [0x000000070a400000, 0x0000000800000000)
  region size 2048K, 61 young (124928K), 11 survivors (22528K)
 Metaspace       used 100582K, committed 100928K, reserved 1146880K
  class space    used 10584K, committed 10752K, reserved 1048576K
}
Event: 32.767 GC heap after
{Heap after GC invocations=65 (full 0):
 garbage-first heap   total 731136K, used 480759K [0x000000070a400000, 0x0000000800000000)
  region size 2048K, 8 young (16384K), 8 survivors (16384K)
 Metaspace       used 100582K, committed 100928K, reserved 1146880K
  class space    used 10584K, committed 10752K, reserved 1048576K
}
Event: 33.263 GC heap before
{Heap before GC invocations=66 (full 0):
 garbage-first heap   total 888832K, used 613879K [0x000000070a400000, 0x0000000800000000)
  region size 2048K, 81 young (165888K), 8 survivors (16384K)
 Metaspace       used 100608K, committed 100992K, reserved 1146880K
  class space    used 10586K, committed 10752K, reserved 1048576K
}
Event: 33.272 GC heap after
{Heap after GC invocations=67 (full 0):
 garbage-first heap   total 888832K, used 471977K [0x000000070a400000, 0x0000000800000000)
  region size 2048K, 7 young (14336K), 7 survivors (14336K)
 Metaspace       used 100608K, committed 100992K, reserved 1146880K
  class space    used 10586K, committed 10752K, reserved 1048576K
}
Event: 33.310 GC heap before
{Heap before GC invocations=67 (full 0):
 garbage-first heap   total 888832K, used 500649K [0x000000070a400000, 0x0000000800000000)
  region size 2048K, 21 young (43008K), 7 survivors (14336K)
 Metaspace       used 100626K, committed 100992K, reserved 1146880K
  class space    used 10586K, committed 10752K, reserved 1048576K
}
Event: 33.319 GC heap after
{Heap after GC invocations=68 (full 0):
 garbage-first heap   total 888832K, used 414242K [0x000000070a400000, 0x0000000800000000)
  region size 2048K, 2 young (4096K), 2 survivors (4096K)
 Metaspace       used 100626K, committed 100992K, reserved 1146880K
  class space    used 10586K, committed 10752K, reserved 1048576K
}
Event: 33.819 GC heap before
{Heap before GC invocations=68 (full 0):
 garbage-first heap   total 888832K, used 748066K [0x000000070a400000, 0x0000000800000000)
  region size 2048K, 165 young (337920K), 2 survivors (4096K)
 Metaspace       used 100700K, committed 101056K, reserved 1146880K
  class space    used 10589K, committed 10752K, reserved 1048576K
}

